<?xml version="1.0" encoding="UTF-8"?>
<testsuite name="com.Projeto1.Projeto1.Projeto1ApplicationTests" tests="1" skipped="0" failures="0" errors="0" timestamp="2025-03-06T19:58:00" hostname="DESKTOP-K2MGB8K" time="1.057">
  <properties/>
  <testcase name="contextLoads()" classname="com.Projeto1.Projeto1.Projeto1ApplicationTests" time="1.057"/>
  <system-out><![CDATA[16:57:57.889 [Test worker] INFO org.springframework.test.context.support.AnnotationConfigContextLoaderUtils -- Could not detect default configuration classes for test class [com.Projeto1.Projeto1.Projeto1ApplicationTests]: Projeto1ApplicationTests does not declare any static, non-private, non-final, nested classes annotated with @Configuration.
16:57:58.069 [Test worker] INFO org.springframework.boot.test.context.SpringBootTestContextBootstrapper -- Found @SpringBootConfiguration com.Projeto1.Projeto1.Projeto1Application for test class com.Projeto1.Projeto1.Projeto1ApplicationTests

  .   ____          _            __ _ _
 /\\ / ___'_ __ _ _(_)_ __  __ _ \ \ \ \
( ( )\___ | '_ | '_| | '_ \/ _` | \ \ \ \
 \\/  ___)| |_)| | | | | || (_| |  ) ) ) )
  '  |____| .__|_| |_|_| |_\__, | / / / /
 =========|_|==============|___/=/_/_/_/

 :: Spring Boot ::                (v3.4.3)

2025-03-06T16:57:58.813-03:00  INFO 18172 --- [Projeto1] [    Test worker] c.P.Projeto1.Projeto1ApplicationTests    : Starting Projeto1ApplicationTests using Java 17.0.14 with PID 18172 (started by Pichau in C:\Users\Pichau\Downloads\Projeto1)
2025-03-06T16:57:58.815-03:00  INFO 18172 --- [Projeto1] [    Test worker] c.P.Projeto1.Projeto1ApplicationTests    : No active profile set, falling back to 1 default profile: "default"
2025-03-06T16:58:00.601-03:00  INFO 18172 --- [Projeto1] [    Test worker] c.P.Projeto1.Projeto1ApplicationTests    : Started Projeto1ApplicationTests in 2.26 seconds (process running for 3.941)
]]></system-out>
  <system-err><![CDATA[]]></system-err>
</testsuite>
